<?xml version="1.0" encoding="utf-8" standalone="no"?>
<!--This file represents the results of running a test suite-->
<test-results name="C:\trailmax\myCode\csharp\cachecopy\cacheCopyTests\cacheCopyTests.csproj" total="12" errors="0" failures="1" not-run="0" inconclusive="0" ignored="0" skipped="0" invalid="0" date="2012-03-05" time="08:27:38">
  <environment nunit-version="2.5.10.11092" clr-version="2.0.50727.5448" os-version="Microsoft Windows NT 6.1.7601 Service Pack 1" platform="Win32NT" cwd="C:\trailmax\myCode\csharp\cachecopy\cacheCopyTests" machine-name="QEDILTW730" user="mvasilyev" user-domain="QEDI" />
  <culture-info current-culture="en-GB" current-uiculture="en-US" />
  <test-suite type="Project" name="C:\trailmax\myCode\csharp\cachecopy\cacheCopyTests\cacheCopyTests.csproj" executed="True" result="Failure" success="False" time="0.066" asserts="0">
    <results>
      <test-suite type="Assembly" name="C:\trailmax\myCode\csharp\cachecopy\cacheCopyTests\bin\Debug\cacheCopyTests.dll" executed="True" result="Failure" success="False" time="0.065" asserts="0">
        <results>
          <test-suite type="Namespace" name="cacheCopyTests" executed="True" result="Failure" success="False" time="0.065" asserts="0">
            <results>
              <test-suite type="TestFixture" name="FileNamingTest" executed="True" result="Success" success="True" time="0.058" asserts="0">
                <results>
                  <test-case name="cacheCopyTests.FileNamingTest.DatePattern" executed="True" result="Success" success="True" time="0.019" asserts="4" />
                  <test-case name="cacheCopyTests.FileNamingTest.FileDateTimePatten" executed="True" result="Success" success="True" time="0.002" asserts="5" />
                  <test-case name="cacheCopyTests.FileNamingTest.FileExists" executed="True" result="Success" success="True" time="0.001" asserts="4" />
                  <test-case name="cacheCopyTests.FileNamingTest.NoPatterDoOverwrite" executed="True" result="Success" success="True" time="0.005" asserts="2" />
                  <test-case name="cacheCopyTests.FileNamingTest.NoPatternNoOverwrite" executed="True" result="Success" success="True" time="0.001" asserts="1" />
                  <test-case name="cacheCopyTests.FileNamingTest.RandomStringPattern" executed="True" result="Success" success="True" time="0.002" asserts="3" />
                  <test-case name="cacheCopyTests.FileNamingTest.SimplePatternDoOverwrite" executed="True" result="Success" success="True" time="0.000" asserts="2" />
                  <test-case name="cacheCopyTests.FileNamingTest.SimplePatternNoExtension" executed="True" result="Success" success="True" time="0.001" asserts="2" />
                  <test-case name="cacheCopyTests.FileNamingTest.SimplePatternNoExtensionDoOverwrite" executed="True" result="Success" success="True" time="0.000" asserts="2" />
                  <test-case name="cacheCopyTests.FileNamingTest.SimplePatternNoOverwrite" executed="True" result="Success" success="True" time="0.001" asserts="2" />
                </results>
              </test-suite>
              <test-suite type="TestFixture" name="UpdaterTest" executed="True" result="Failure" success="False" time="0.003" asserts="0">
                <results>
                  <test-case name="cacheCopyTests.UpdaterTest.TestNoUpdatesAvailable" executed="True" result="Success" success="True" time="0.000" asserts="1" />
                  <test-case name="cacheCopyTests.UpdaterTest.TestUpdateAvailable" executed="True" result="Failure" success="False" time="0.001" asserts="1">
                    <failure>
                      <message><![CDATA[  Expected: True
  But was:  False
]]></message>
                      <stack-trace><![CDATA[at cacheCopyTests.UpdaterTest.TestUpdateAvailable() in c:\trailmax\myCode\csharp\cachecopy\cacheCopyTests\UpdaterTest.cs:line 73
]]></stack-trace>
                    </failure>
                  </test-case>
                </results>
              </test-suite>
            </results>
          </test-suite>
        </results>
      </test-suite>
    </results>
  </test-suite>
</test-results>