<?xml version="1.0" encoding="utf-8" standalone="no"?>
<!--This file represents the results of running a test suite-->
<test-results name="C:\trailmax\myCode\csharp\cachecopy\cacheCopyTests\cacheCopyTests.csproj" total="10" errors="0" failures="0" not-run="0" inconclusive="0" ignored="0" skipped="0" invalid="0" date="2012-03-04" time="09:12:06">
  <environment nunit-version="2.5.10.11092" clr-version="2.0.50727.5448" os-version="Microsoft Windows NT 6.1.7601 Service Pack 1" platform="Win32NT" cwd="C:\trailmax\myCode\csharp\cachecopy\cacheCopyTests" machine-name="QEDILTW730" user="mvasilyev" user-domain="QEDI" />
  <culture-info current-culture="en-GB" current-uiculture="en-US" />
  <test-suite type="Project" name="C:\trailmax\myCode\csharp\cachecopy\cacheCopyTests\cacheCopyTests.csproj" executed="True" result="Success" success="True" time="0.031" asserts="0">
    <results>
      <test-suite type="Assembly" name="C:\trailmax\myCode\csharp\cachecopy\cacheCopyTests\bin\Debug\cacheCopyTests.dll" executed="True" result="Success" success="True" time="0.031" asserts="0">
        <results>
          <test-suite type="Namespace" name="cacheCopyTests" executed="True" result="Success" success="True" time="0.030" asserts="0">
            <results>
              <test-suite type="TestFixture" name="FileNamingTest" executed="True" result="Success" success="True" time="0.030" asserts="0">
                <results>
                  <test-case name="cacheCopyTests.FileNamingTest.DatePattern" executed="True" result="Success" success="True" time="0.001" asserts="4" />
                  <test-case name="cacheCopyTests.FileNamingTest.FileDateTimePatten" executed="True" result="Success" success="True" time="0.000" asserts="5" />
                  <test-case name="cacheCopyTests.FileNamingTest.FileExists" executed="True" result="Success" success="True" time="0.001" asserts="4" />
                  <test-case name="cacheCopyTests.FileNamingTest.NoPatterDoOverwrite" executed="True" result="Success" success="True" time="0.001" asserts="2" />
                  <test-case name="cacheCopyTests.FileNamingTest.NoPatternNoOverwrite" executed="True" result="Success" success="True" time="0.000" asserts="1" />
                  <test-case name="cacheCopyTests.FileNamingTest.RandomStringPattern" executed="True" result="Success" success="True" time="0.001" asserts="3" />
                  <test-case name="cacheCopyTests.FileNamingTest.SimplePatternDoOverwrite" executed="True" result="Success" success="True" time="0.000" asserts="2" />
                  <test-case name="cacheCopyTests.FileNamingTest.SimplePatternNoExtension" executed="True" result="Success" success="True" time="0.003" asserts="2" />
                  <test-case name="cacheCopyTests.FileNamingTest.SimplePatternNoExtensionDoOverwrite" executed="True" result="Success" success="True" time="0.001" asserts="2" />
                  <test-case name="cacheCopyTests.FileNamingTest.SimplePatternNoOverwrite" executed="True" result="Success" success="True" time="0.000" asserts="2" />
                </results>
              </test-suite>
            </results>
          </test-suite>
        </results>
      </test-suite>
    </results>
  </test-suite>
</test-results>